<?xml version="1.0" encoding="UTF-8"?>
<!-- Generated by org.testng.reporters.JUnitReportReporter -->
<testsuite hostname="VIJAY" failures="0" tests="1" name="testNG.Fblogin" time="0.716" errors="0" timestamp="2021-11-07T09:27:00 IST" skipped="0">
  <testcase classname="testNG.Fblogin" name="tc_002_Fbloginapplication" time="0.716"/>
  <system-out/>
</testsuite> <!-- testNG.Fblogin -->
