<?xml version="1.0" encoding="UTF-8"?>
<!-- Generated by org.testng.reporters.JUnitReportReporter -->
<testsuite hostname="VIJAY" failures="0" tests="6" name="testNG.crossbrowsing_fb_login" time="1.929" errors="0" timestamp="2021-11-07T11:06:03 IST" skipped="0">
  <testcase classname="testNG.crossbrowsing_fb_login" name="tc_004_Fbloginapplication" time="0.697"/>
  <system-out/>
  <testcase classname="testNG.crossbrowsing_fb_login" name="tc_002_Fbloginapplication" time="0.138"/>
  <system-out/>
  <testcase classname="testNG.crossbrowsing_fb_login" name="tc_002_Fbloginapplication" time="0.069"/>
  <system-out/>
  <testcase classname="testNG.crossbrowsing_fb_login" name="tc_004_Fbloginapplication" time="0.433"/>
  <system-out/>
  <testcase classname="testNG.crossbrowsing_fb_login" name="tc_002_Fbloginapplication" time="0.101"/>
  <system-out/>
  <testcase classname="testNG.crossbrowsing_fb_login" name="tc_004_Fbloginapplication" time="0.491"/>
  <system-out/>
</testsuite> <!-- testNG.crossbrowsing_fb_login -->
