<?xml version="1.0" encoding="UTF-8"?>
<!-- Generated by org.testng.reporters.JUnitReportReporter -->
<testsuite hostname="VIJAY" failures="0" tests="1" name="testNG.crossbrowsing" time="0.062" errors="0" timestamp="2021-11-07T10:33:40 IST" skipped="0">
  <testcase classname="testNG.crossbrowsing" name="tc_002_Fbloginapplication" time="0.062"/>
  <system-out/>
</testsuite> <!-- testNG.crossbrowsing -->
