<?xml version="1.0" encoding="UTF-8"?>
<!-- Generated by org.testng.reporters.JUnitReportReporter -->
<testsuite hostname="VIJAY" failures="0" tests="4" name="testNG.Annotationsample2" time="0.003" errors="0" timestamp="2021-11-07T09:20:38 IST" skipped="0">
  <testcase classname="testNG.Annotationsample2" name="abc" time="0.000"/>
  <system-out/>
  <testcase classname="testNG.Annotationsample2" name="z" time="0.001"/>
  <system-out/>
  <testcase classname="testNG.Annotationsample2" name="a" time="0.001"/>
  <system-out/>
  <testcase classname="testNG.Annotationsample2" name="k" time="0.001"/>
  <system-out/>
</testsuite> <!-- testNG.Annotationsample2 -->
