<?xml version="1.0" encoding="UTF-8"?>
<!-- Generated by org.testng.reporters.JUnitReportReporter -->
<testsuite hostname="VIJAY" failures="0" tests="1" name="testNG.Fblogin2" time="6.485" errors="0" timestamp="2021-11-10T17:21:18 IST" skipped="0">
  <testcase classname="testNG.Fblogin2" name="LoginFBappplication" time="6.485"/>
  <system-out/>
</testsuite> <!-- testNG.Fblogin2 -->
