<?xml version="1.0" encoding="UTF-8"?>
<!-- Generated by org.testng.reporters.JUnitReportReporter -->
<testsuite hostname="VIJAY" failures="0" tests="1" name="testNG.NewTest" time="17.473" errors="0" timestamp="2021-11-07T09:20:38 IST" skipped="0">
  <testcase classname="testNG.NewTest" name="f" time="17.473"/>
  <system-out/>
</testsuite> <!-- testNG.NewTest -->
