<?xml version="1.0" encoding="UTF-8"?>
<!-- Generated by org.testng.reporters.JUnitReportReporter -->
<testsuite hostname="VIJAY" failures="0" tests="5" name="testNG.Annotationone" time="0.004" errors="0" timestamp="2021-11-07T09:20:38 IST" skipped="0">
  <testcase classname="testNG.Annotationone" name="b" time="0.001"/>
  <system-out/>
  <testcase classname="testNG.Annotationone" name="c" time="0.000"/>
  <system-out/>
  <testcase classname="testNG.Annotationone" name="abc" time="0.001"/>
  <system-out/>
  <testcase classname="testNG.Annotationone" name="h" time="0.001"/>
  <system-out/>
  <testcase classname="testNG.Annotationone" name="d" time="0.001"/>
  <system-out/>
</testsuite> <!-- testNG.Annotationone -->
