<?xml version="1.0" encoding="UTF-8"?>
<!-- Generated by org.testng.reporters.JUnitReportReporter -->
<testsuite hostname="VIJAY" failures="0" tests="5" name="testNG.Prioritysample" time="0.006" errors="0" timestamp="2021-11-07T09:20:38 IST" skipped="0">
  <testcase classname="testNG.Prioritysample" name="e" time="0.001"/>
  <system-out/>
  <testcase classname="testNG.Prioritysample" name="abc" time="0.001"/>
  <system-out/>
  <testcase classname="testNG.Prioritysample" name="c" time="0.001"/>
  <system-out/>
  <testcase classname="testNG.Prioritysample" name="b" time="0.002"/>
  <system-out/>
  <testcase classname="testNG.Prioritysample" name="h" time="0.001"/>
  <system-out/>
</testsuite> <!-- testNG.Prioritysample -->
